<?xml version="1.0" encoding="UTF-8"?>
<beans xmlns="http://www.springframework.org/schema/beans"
	xmlns:xsi="http://www.w3.org/2001/XMLSchema-instance"
	xmlns:p="http://www.springframework.org/schema/p"
	xmlns:aop="http://www.springframework.org/schema/aop"
	xmlns:tx="http://www.springframework.org/schema/tx"
	xmlns:context="http://www.springframework.org/schema/context"
	xmlns:jee="http://www.springframework.org/schema/jee"
	xmlns:lang="http://www.springframework.org/schema/lang"
	xmlns:mvc="http://www.springframework.org/schema/mvc"
	xsi:schemaLocation="http://www.springframework.org/schema/lang http://www.springframework.org/schema/lang/spring-lang.xsd
		http://www.springframework.org/schema/jee http://www.springframework.org/schema/jee/spring-jee.xsd
		http://www.springframework.org/schema/aop http://www.springframework.org/schema/aop/spring-aop.xsd
		http://www.springframework.org/schema/mvc http://www.springframework.org/schema/mvc/spring-mvc.xsd
		http://www.springframework.org/schema/beans http://www.springframework.org/schema/beans/spring-beans.xsd
		http://www.springframework.org/schema/tx http://www.springframework.org/schema/tx/spring-tx.xsd
		http://www.springframework.org/schema/context http://www.springframework.org/schema/context/spring-context.xsd">

                                    <!--DATASOURCE-->
	
	<context:property-placeholder location="classpath:/jdbc.properties"/>
	
	<bean id="dataSource" 
      class="org.springframework.jdbc.datasource.DriverManagerDataSource">
      <property name="driverClassName" value="${jdbc.driverClassName}"/>
      <property name="url" value="${jdbc.url}"/>
      <property name="username" value="${jdbc.username}"/>
      <property name="password" value="${jdbc.password}"/>
    </bean>
	
	<tx:annotation-driven/>
	<mvc:annotation-driven/>
	<context:component-scan base-package="my.manager"/>
           
    <bean id="jdbcTemplate" class="org.springframework.jdbc.core.JdbcTemplate">
        <property name="dataSource">
            <ref bean="dataSource"/>
        </property>
    </bean>
    
    <bean id="transactionManager" class="org.springframework.jdbc.datasource.DataSourceTransactionManager" 
    		p:dataSource-ref="dataSource"/>
    
    <bean id="passwordEncoder" class="org.springframework.security.authentication.encoding.ShaPasswordEncoder"> 
 		<constructor-arg value="256"/> 
	</bean>
    
    <bean id="messageSource" class="org.springframework.context.support.ReloadableResourceBundleMessageSource">
	    <property name="basename" value = "WEB-INF/localization/messages"/>		<!-- org/springframework/security/messages -->
	    <property name="defaultEncoding" value="UTF-8"/>
	    <property name="cacheSeconds" value = "-1"/>
	</bean>
    
</beans>
